Watching for file changes with StatReloader
System check identified some issues:

WARNINGS:
vote.user.voterid: (fields.W122) 'max_length' is ignored when used with IntegerField.
	HINT: Remove 'max_length' from field

System check identified 1 issue (0 silenced).
[14/Jan/2022 11:52:38] "GET / HTTP/1.1" 200 3836
[14/Jan/2022 11:52:38] "GET /static/style.css HTTP/1.1" 304 0
[14/Jan/2022 11:52:38] "GET /static/image/monkey_think-b4a0e875e626791e184e60641a40b7f7b297fa9592a5ec449bc50473d603af74.jpg HTTP/1.1" 304 0
[14/Jan/2022 11:52:41] "GET /signup/create HTTP/1.1" 200 5461
Not Found: /signup/static/style.css
[14/Jan/2022 11:52:41] "GET /signup/static/style.css HTTP/1.1" 404 3026
[14/Jan/2022 13:18:25] "GET /login HTTP/1.1" 200 4596
[14/Jan/2022 13:18:25] "GET /static/style.css HTTP/1.1" 200 2555
Not Found: /favicon.ico
[14/Jan/2022 13:18:25] "GET /favicon.ico HTTP/1.1" 404 2990
[14/Jan/2022 13:18:27] "GET / HTTP/1.1" 200 3836
[14/Jan/2022 13:18:27] "GET /static/style.css HTTP/1.1" 304 0
[14/Jan/2022 13:18:27] "GET /static/image/monkey_think-b4a0e875e626791e184e60641a40b7f7b297fa9592a5ec449bc50473d603af74.jpg HTTP/1.1" 200 5731
[14/Jan/2022 13:18:37] "GET /signup/create HTTP/1.1" 200 5461
Not Found: /signup/static/style.css
[14/Jan/2022 13:18:37] "GET /signup/static/style.css HTTP/1.1" 404 3026
[14/Jan/2022 13:18:49] "GET /login HTTP/1.1" 200 4596
[14/Jan/2022 13:18:49] "GET /static/style.css HTTP/1.1" 304 0
[14/Jan/2022 13:19:36] "GET /signup/create HTTP/1.1" 200 5461
Not Found: /signup/static/style.css
[14/Jan/2022 13:19:37] "GET /signup/static/style.css HTTP/1.1" 404 3026
[14/Jan/2022 13:20:01] "POST /signup/create HTTP/1.1" 302 0
[14/Jan/2022 13:20:01] "GET /login HTTP/1.1" 200 4596
[14/Jan/2022 13:20:01] "GET /static/style.css HTTP/1.1" 304 0
[14/Jan/2022 13:34:34] "GET / HTTP/1.1" 200 3836
[14/Jan/2022 13:34:34] "GET /static/style.css HTTP/1.1" 304 0
[14/Jan/2022 13:34:34] "GET /static/image/monkey_think-b4a0e875e626791e184e60641a40b7f7b297fa9592a5ec449bc50473d603af74.jpg HTTP/1.1" 304 0
[14/Jan/2022 13:34:47] "GET /signup/create HTTP/1.1" 200 5461
Not Found: /signup/static/style.css
[14/Jan/2022 13:34:47] "GET /signup/static/style.css HTTP/1.1" 404 3026
[14/Jan/2022 13:35:18] "GET /login HTTP/1.1" 200 4596
[14/Jan/2022 13:35:18] "GET /static/style.css HTTP/1.1" 304 0
[14/Jan/2022 13:42:59] "GET /signup/create HTTP/1.1" 200 5461
Not Found: /signup/static/style.css
[14/Jan/2022 13:42:59] "GET /signup/static/style.css HTTP/1.1" 404 3026
Not Found: /signup/static/style.css
[14/Jan/2022 13:43:00] "GET /signup/static/style.css HTTP/1.1" 404 3026
[14/Jan/2022 13:43:10] "GET /login HTTP/1.1" 200 4596
[14/Jan/2022 13:43:10] "GET /static/style.css HTTP/1.1" 304 0
[14/Jan/2022 13:43:26] "GET / HTTP/1.1" 200 3836
[14/Jan/2022 13:43:26] "GET /static/style.css HTTP/1.1" 304 0
[14/Jan/2022 13:43:26] "GET /static/image/monkey_think-b4a0e875e626791e184e60641a40b7f7b297fa9592a5ec449bc50473d603af74.jpg HTTP/1.1" 304 0
[14/Jan/2022 13:43:29] "GET / HTTP/1.1" 200 3836
[14/Jan/2022 13:43:29] "GET /static/style.css HTTP/1.1" 304 0
[14/Jan/2022 13:43:29] "GET /static/image/monkey_think-b4a0e875e626791e184e60641a40b7f7b297fa9592a5ec449bc50473d603af74.jpg HTTP/1.1" 304 0
[14/Jan/2022 13:43:31] "GET /signup/create HTTP/1.1" 200 5461
Not Found: /signup/static/style.css
[14/Jan/2022 13:43:31] "GET /signup/static/style.css HTTP/1.1" 404 3026
Not Found: /signup/static/style.css
[14/Jan/2022 13:43:31] "GET /signup/static/style.css HTTP/1.1" 404 3026
[14/Jan/2022 13:43:34] "GET / HTTP/1.1" 200 3836
[14/Jan/2022 13:43:34] "GET /static/style.css HTTP/1.1" 304 0
[14/Jan/2022 13:43:34] "GET /static/image/monkey_think-b4a0e875e626791e184e60641a40b7f7b297fa9592a5ec449bc50473d603af74.jpg HTTP/1.1" 304 0
[14/Jan/2022 13:43:36] "GET /login HTTP/1.1" 200 4596
[14/Jan/2022 13:43:36] "GET /static/style.css HTTP/1.1" 304 0
[14/Jan/2022 13:46:37] "GET / HTTP/1.1" 200 3836
[14/Jan/2022 13:46:38] "GET /static/image/monkey_think-b4a0e875e626791e184e60641a40b7f7b297fa9592a5ec449bc50473d603af74.jpg HTTP/1.1" 200 5731
[14/Jan/2022 13:46:38] "GET /static/image/monkey_think-b4a0e875e626791e184e60641a40b7f7b297fa9592a5ec449bc50473d603af74.jpg HTTP/1.1" 200 5731
[14/Jan/2022 13:47:27] "GET / HTTP/1.1" 200 3836
[14/Jan/2022 13:47:27] "GET /static/style.css HTTP/1.1" 200 2555
[14/Jan/2022 13:47:27] "GET /static/image/monkey_think-b4a0e875e626791e184e60641a40b7f7b297fa9592a5ec449bc50473d603af74.jpg HTTP/1.1" 200 5731
Not Found: /favicon.ico
[14/Jan/2022 13:47:27] "GET /favicon.ico HTTP/1.1" 404 2990
[14/Jan/2022 15:18:03] "GET / HTTP/1.1" 200 3836
[14/Jan/2022 15:18:03] "GET /static/style.css HTTP/1.1" 200 2555
[14/Jan/2022 15:18:03] "GET /static/image/monkey_think-b4a0e875e626791e184e60641a40b7f7b297fa9592a5ec449bc50473d603af74.jpg HTTP/1.1" 200 5731
Not Found: /favicon.ico
[14/Jan/2022 15:18:04] "GET /favicon.ico HTTP/1.1" 404 2990
[14/Jan/2022 15:39:23] "GET / HTTP/1.1" 200 3836
[14/Jan/2022 15:39:24] "GET /static/style.css HTTP/1.1" 200 2555
[14/Jan/2022 15:39:24] "GET /static/image/monkey_think-b4a0e875e626791e184e60641a40b7f7b297fa9592a5ec449bc50473d603af74.jpg HTTP/1.1" 200 5731
Not Found: /favicon.ico
[14/Jan/2022 15:39:24] "GET /favicon.ico HTTP/1.1" 404 2990
[14/Jan/2022 15:47:05] "GET / HTTP/1.1" 200 3836
[14/Jan/2022 15:47:05] "GET /static/style.css HTTP/1.1" 304 0
[14/Jan/2022 15:47:05] "GET /static/image/monkey_think-b4a0e875e626791e184e60641a40b7f7b297fa9592a5ec449bc50473d603af74.jpg HTTP/1.1" 304 0
[14/Jan/2022 15:49:21] "GET /signup/create HTTP/1.1" 200 5461
Not Found: /signup/static/style.css
[14/Jan/2022 15:49:22] "GET /signup/static/style.css HTTP/1.1" 404 3026
Not Found: /signup/static/style.css
[14/Jan/2022 15:49:22] "GET /signup/static/style.css HTTP/1.1" 404 3026
[14/Jan/2022 15:49:33] "GET /login HTTP/1.1" 200 4596
[14/Jan/2022 15:49:55] "GET / HTTP/1.1" 200 3836
[14/Jan/2022 15:50:39] "GET /signup/create HTTP/1.1" 200 5461
Not Found: /signup/static/style.css
[14/Jan/2022 15:50:39] "GET /signup/static/style.css HTTP/1.1" 404 3026
[14/Jan/2022 15:50:49] "GET /login HTTP/1.1" 200 4596
Not Found: /signup/static/style.css
[14/Jan/2022 15:50:51] "GET /signup/static/style.css HTTP/1.1" 404 3026
[14/Jan/2022 15:55:44] "GET / HTTP/1.1" 200 3836
[14/Jan/2022 15:55:44] "GET /static/style.css HTTP/1.1" 304 0
[14/Jan/2022 15:55:45] "GET /static/image/monkey_think-b4a0e875e626791e184e60641a40b7f7b297fa9592a5ec449bc50473d603af74.jpg HTTP/1.1" 304 0
[14/Jan/2022 15:55:57] "GET /signup/create HTTP/1.1" 200 5461
Not Found: /signup/static/style.css
[14/Jan/2022 15:55:57] "GET /signup/static/style.css HTTP/1.1" 404 3026
[14/Jan/2022 16:14:48] "GET / HTTP/1.1" 200 3836
[14/Jan/2022 16:14:51] "GET / HTTP/1.1" 200 3836
Not Found: /favicon.ico
[14/Jan/2022 16:14:56] "GET /favicon.ico HTTP/1.1" 404 2990
[14/Jan/2022 17:06:05] "GET / HTTP/1.1" 200 3836
[14/Jan/2022 17:06:05] "GET /static/style.css HTTP/1.1" 304 0
[14/Jan/2022 17:06:05] "GET /static/image/monkey_think-b4a0e875e626791e184e60641a40b7f7b297fa9592a5ec449bc50473d603af74.jpg HTTP/1.1" 304 0
[14/Jan/2022 17:06:29] "GET / HTTP/1.1" 200 3836
[14/Jan/2022 17:06:45] "GET /signup/create HTTP/1.1" 200 5461
Not Found: /signup/static/style.css
[14/Jan/2022 17:06:45] "GET /signup/static/style.css HTTP/1.1" 404 3026
Not Found: /signup/static/style.css
[14/Jan/2022 17:06:46] "GET /signup/static/style.css HTTP/1.1" 404 3026
[14/Jan/2022 17:07:43] "GET / HTTP/1.1" 200 3836
[14/Jan/2022 17:07:45] "GET / HTTP/1.1" 200 3836
[14/Jan/2022 17:09:22] "GET / HTTP/1.1" 200 3836
[14/Jan/2022 17:09:25] "GET /signup/create HTTP/1.1" 200 5461
Not Found: /signup/static/style.css
[14/Jan/2022 17:09:25] "GET /signup/static/style.css HTTP/1.1" 404 3026
[14/Jan/2022 17:23:37] "GET / HTTP/1.1" 200 3836
[14/Jan/2022 17:23:37] "GET /static/style.css HTTP/1.1" 304 0
[14/Jan/2022 17:23:37] "GET /static/image/monkey_think-b4a0e875e626791e184e60641a40b7f7b297fa9592a5ec449bc50473d603af74.jpg HTTP/1.1" 304 0
[14/Jan/2022 17:23:38] "GET /signup/create HTTP/1.1" 200 5461
Not Found: /signup/static/style.css
[14/Jan/2022 17:23:39] "GET /signup/static/style.css HTTP/1.1" 404 3026
Not Found: /signup/static/style.css
[15/Jan/2022 07:02:57] "GET /signup/static/style.css HTTP/1.1" 404 3026
Not Found: /signup/static/style.css
[15/Jan/2022 07:02:58] "GET /signup/static/style.css HTTP/1.1" 404 3026
Not Found: /favicon.ico
[15/Jan/2022 07:02:58] "GET /favicon.ico HTTP/1.1" 404 2990
[15/Jan/2022 09:08:27] "GET /signup/create HTTP/1.1" 200 5461
Not Found: /signup/static/style.css
[15/Jan/2022 09:08:27] "GET /signup/static/style.css HTTP/1.1" 404 3026
Not Found: /signup/static/style.css
[15/Jan/2022 09:08:27] "GET /signup/static/style.css HTTP/1.1" 404 3026
Not Found: /favicon.ico
[15/Jan/2022 09:08:27] "GET /favicon.ico HTTP/1.1" 404 2990
[15/Jan/2022 09:08:30] "GET / HTTP/1.1" 200 3836
[15/Jan/2022 09:08:31] "GET /static/style.css HTTP/1.1" 304 0
[15/Jan/2022 09:08:31] "GET /static/image/monkey_think-b4a0e875e626791e184e60641a40b7f7b297fa9592a5ec449bc50473d603af74.jpg HTTP/1.1" 304 0
[15/Jan/2022 09:09:09] "GET /login HTTP/1.1" 200 4596
[15/Jan/2022 09:09:16] "GET / HTTP/1.1" 200 3836
[15/Jan/2022 09:09:18] "GET /signup/create HTTP/1.1" 200 5461
Not Found: /signup/static/style.css
[15/Jan/2022 09:09:18] "GET /signup/static/style.css HTTP/1.1" 404 3026
[15/Jan/2022 09:09:32] "GET / HTTP/1.1" 200 3836
[15/Jan/2022 09:09:34] "GET /login HTTP/1.1" 200 4596
Not Found: /signup
[15/Jan/2022 09:09:40] "GET /signup HTTP/1.1" 404 2975
[15/Jan/2022 09:09:45] "GET / HTTP/1.1" 200 3836
[15/Jan/2022 09:09:48] "GET /signup/create HTTP/1.1" 200 5461
Not Found: /signup/static/style.css
[15/Jan/2022 09:09:48] "GET /signup/static/style.css HTTP/1.1" 404 3026
Not Found: /know
[15/Jan/2022 09:21:59] "GET /know HTTP/1.1" 404 2969
Not Found: /signup/static/style.css
[15/Jan/2022 09:22:01] "GET /signup/static/style.css HTTP/1.1" 404 3026
Not Found: /signup/static/style.css
[15/Jan/2022 09:22:01] "GET /signup/static/style.css HTTP/1.1" 404 3026
[15/Jan/2022 09:22:05] "GET / HTTP/1.1" 200 3836
[15/Jan/2022 09:22:52] "GET /signup/create HTTP/1.1" 200 5461
Not Found: /signup/static/style.css
[15/Jan/2022 09:22:52] "GET /signup/static/style.css HTTP/1.1" 404 3026
Internal Server Error: /signup/create
Traceback (most recent call last):
  File "/usr/local/lib64/python3.6/site-packages/django/db/models/fields/__init__.py", line 1823, in get_prep_value
    return int(value)
ValueError: invalid literal for int() with base 10: ''

The above exception was the direct cause of the following exception:

Traceback (most recent call last):
  File "/usr/local/lib64/python3.6/site-packages/django/core/handlers/exception.py", line 47, in inner
    response = get_response(request)
  File "/usr/local/lib64/python3.6/site-packages/django/core/handlers/base.py", line 181, in _get_response
    response = wrapped_callback(request, *callback_args, **callback_kwargs)
  File "/var/www/vhosts/codenomad.in/httpdocs/voting-portal/vote/Views/Signupview.py", line 25, in create
    signup.save()
  File "/usr/local/lib64/python3.6/site-packages/django/db/models/base.py", line 727, in save
    force_update=force_update, update_fields=update_fields)
  File "/usr/local/lib64/python3.6/site-packages/django/db/models/base.py", line 765, in save_base
    force_update, using, update_fields,
  File "/usr/local/lib64/python3.6/site-packages/django/db/models/base.py", line 868, in _save_table
    results = self._do_insert(cls._base_manager, using, fields, returning_fields, raw)
  File "/usr/local/lib64/python3.6/site-packages/django/db/models/base.py", line 908, in _do_insert
    using=using, raw=raw,
  File "/usr/local/lib64/python3.6/site-packages/django/db/models/manager.py", line 85, in manager_method
    return getattr(self.get_queryset(), name)(*args, **kwargs)
  File "/usr/local/lib64/python3.6/site-packages/django/db/models/query.py", line 1270, in _insert
    return query.get_compiler(using=using).execute_sql(returning_fields)
  File "/usr/local/lib64/python3.6/site-packages/django/db/models/sql/compiler.py", line 1415, in execute_sql
    for sql, params in self.as_sql():
  File "/usr/local/lib64/python3.6/site-packages/django/db/models/sql/compiler.py", line 1360, in as_sql
    for obj in self.query.objs
  File "/usr/local/lib64/python3.6/site-packages/django/db/models/sql/compiler.py", line 1360, in <listcomp>
    for obj in self.query.objs
  File "/usr/local/lib64/python3.6/site-packages/django/db/models/sql/compiler.py", line 1359, in <listcomp>
    [self.prepare_value(field, self.pre_save_val(field, obj)) for field in fields]
  File "/usr/local/lib64/python3.6/site-packages/django/db/models/sql/compiler.py", line 1300, in prepare_value
    value = field.get_db_prep_save(value, connection=self.connection)
  File "/usr/local/lib64/python3.6/site-packages/django/db/models/fields/__init__.py", line 842, in get_db_prep_save
    return self.get_db_prep_value(value, connection=connection, prepared=False)
  File "/usr/local/lib64/python3.6/site-packages/django/db/models/fields/__init__.py", line 837, in get_db_prep_value
    value = self.get_prep_value(value)
  File "/usr/local/lib64/python3.6/site-packages/django/db/models/fields/__init__.py", line 1827, in get_prep_value
    ) from e
ValueError: Field 'voterid' expected a number but got ''.
[15/Jan/2022 09:22:57] "POST /signup/create HTTP/1.1" 500 139185
Not Found: /signup/static/style.css
[15/Jan/2022 09:22:58] "GET /signup/static/style.css HTTP/1.1" 404 3026
[15/Jan/2022 09:23:00] "GET /signup/create HTTP/1.1" 200 5461
Not Found: /signup/static/style.css
[15/Jan/2022 09:23:00] "GET /signup/static/style.css HTTP/1.1" 404 3026
[15/Jan/2022 09:23:02] "GET /login HTTP/1.1" 200 4596
[15/Jan/2022 12:06:10] "GET / HTTP/1.1" 200 3836
[15/Jan/2022 12:06:11] "GET /static/style.css HTTP/1.1" 304 0
[15/Jan/2022 12:06:11] "GET /static/image/monkey_think-b4a0e875e626791e184e60641a40b7f7b297fa9592a5ec449bc50473d603af74.jpg HTTP/1.1" 304 0
Not Found: /favicon.ico
[15/Jan/2022 12:06:11] "GET /favicon.ico HTTP/1.1" 404 2990
Invalid HTTP_HOST header: 'fuwu.sogou.com'. You may need to add 'fuwu.sogou.com' to ALLOWED_HOSTS.
[15/Jan/2022 12:52:30] code 400, message Bad request syntax ('\x16\x03\x01\x00î\x01\x00\x00ê\x03\x03U3fãK\x9c²VÉÚ\xadE\x91\x8fêÓiÓ^:!¯\rÖ\x1cä¼·\x9d\x80Á\x12 *7ÓøIP<\x99j\x96éÿP\x10ôû~\x0f\x19vU_\x88IoÞ4ð}¹)ä\x00&Ì¨Ì©À/À0À+À,À\x13À\tÀ\x14À')
[15/Jan/2022 12:52:30] You're accessing the development server over HTTPS, but it only supports HTTP.

Invalid HTTP_HOST header: 'fuwu.sogou.com'. You may need to add 'fuwu.sogou.com' to ALLOWED_HOSTS.
Bad Request: /http:/fuwu.sogou.com/404/index.html
[15/Jan/2022 12:52:30] "GET http://fuwu.sogou.com/404/index.html HTTP/1.1" 400 67697
Bad Request: /http:/fuwu.sogou.com/404/index.html
[15/Jan/2022 12:52:30] "GET http://fuwu.sogou.com/404/index.html HTTP/1.1" 400 67695
[15/Jan/2022 12:52:37] code 400, message Bad request syntax ('\x05\x01\x00')
[15/Jan/2022 12:52:37] " " 400 -
[15/Jan/2022 12:52:37,530] - Broken pipe from ('222.186.19.235', 47308)

[15/Jan/2022 16:27:47] "GET /static/image/monkey_think-b4a0e875e626791e184e60641a40b7f7b297fa9592a5ec449bc50473d603af74.jpg HTTP/1.1" 200 5731
[15/Jan/2022 16:27:55] "GET / HTTP/1.1" 200 3836
[15/Jan/2022 16:27:57] "GET /static/style.css HTTP/1.1" 200 2555
[15/Jan/2022 16:27:57] "GET /static/image/monkey_think-b4a0e875e626791e184e60641a40b7f7b297fa9592a5ec449bc50473d603af74.jpg HTTP/1.1" 200 5731
Not Found: /favicon.ico
[15/Jan/2022 16:27:59] "GET /favicon.ico HTTP/1.1" 404 2990
[15/Jan/2022 16:29:07] "GET /signup/create HTTP/1.1" 200 5461
Not Found: /signup/static/style.css
[15/Jan/2022 16:29:07] "GET /signup/static/style.css HTTP/1.1" 404 3026
Not Found: /signup/static/style.css
[15/Jan/2022 16:29:07] "GET /signup/static/style.css HTTP/1.1" 404 3026
Not Found: /favicon.ico
[15/Jan/2022 16:29:07] "GET /favicon.ico HTTP/1.1" 404 2990
[15/Jan/2022 16:29:34] "GET / HTTP/1.1" 200 3836
Not Found: /favicon.ico
[15/Jan/2022 16:29:35] "GET /favicon.ico HTTP/1.1" 404 2990
[16/Jan/2022 12:21:32] code 400, message Bad HTTP/0.9 request type ('Z¥\x01')
[16/Jan/2022 12:21:32] "Z¥     " 400 -
[16/Jan/2022 12:21:32,915] - Broken pipe from ('205.185.122.46', 59218)

[16/Jan/2022 20:28:33] code 400, message Bad HTTP/0.9 request type ('Z¥\x01')
[16/Jan/2022 20:28:33] "Z¥     " 400 -
[17/Jan/2022 03:52:09] "GET /static/image/monkey_think-b4a0e875e626791e184e60641a40b7f7b297fa9592a5ec449bc50473d603af74.jpg HTTP/1.1" 200 5731
[17/Jan/2022 07:07:17] "GET / HTTP/1.1" 200 3836
[17/Jan/2022 07:07:17] "GET /static/style.css HTTP/1.1" 304 0
[17/Jan/2022 07:07:17] "GET /static/image/monkey_think-b4a0e875e626791e184e60641a40b7f7b297fa9592a5ec449bc50473d603af74.jpg HTTP/1.1" 304 0
Not Found: /favicon.ico
[17/Jan/2022 07:07:17] "GET /favicon.ico HTTP/1.1" 404 2990
[17/Jan/2022 07:07:31] "GET /login HTTP/1.1" 200 4596
Not Found: /signup
[17/Jan/2022 07:07:37] "GET /signup HTTP/1.1" 404 2975
Not Found: /signup
[17/Jan/2022 07:07:40] "GET /signup HTTP/1.1" 404 2975
[17/Jan/2022 07:07:43] "POST /login HTTP/1.1" 200 4596
[17/Jan/2022 07:07:45] "GET /login HTTP/1.1" 200 4596
[17/Jan/2022 07:07:46] "GET / HTTP/1.1" 200 3836
[17/Jan/2022 07:07:48] "GET / HTTP/1.1" 200 3836
[17/Jan/2022 07:07:49] "GET /signup/create HTTP/1.1" 200 5461
Not Found: /signup/static/style.css
[17/Jan/2022 07:07:50] "GET /signup/static/style.css HTTP/1.1" 404 3026
[17/Jan/2022 07:08:03] "GET / HTTP/1.1" 200 3836
[17/Jan/2022 07:08:44] "GET /signup/create HTTP/1.1" 200 5461
Not Found: /signup/static/style.css
[17/Jan/2022 07:08:44] "GET /signup/static/style.css HTTP/1.1" 404 3026
[17/Jan/2022 07:08:50] "GET /signup/create HTTP/1.1" 200 5461
Not Found: /signup/static/style.css
[17/Jan/2022 07:08:50] "GET /signup/static/style.css HTTP/1.1" 404 3026
[17/Jan/2022 07:09:05] "GET /signup/create HTTP/1.1" 200 5461
Not Found: /signup/static/style.css
[17/Jan/2022 07:09:05] "GET /signup/static/style.css HTTP/1.1" 404 3026
[17/Jan/2022 07:09:12] "GET /login HTTP/1.1" 200 4596
[17/Jan/2022 07:09:18] "GET /signup/create HTTP/1.1" 200 5461
Not Found: /signup/static/style.css
[17/Jan/2022 07:09:18] "GET /signup/static/style.css HTTP/1.1" 404 3026
[17/Jan/2022 07:13:28] "GET / HTTP/1.1" 200 3836
Invalid HTTP_HOST header: 'ip-184-168-122-169.ip.secureserver.net:8001'. You may need to add 'ip-184-168-122-169.ip.secureserver.net' to ALLOWED_HOSTS.
Bad Request: /
[17/Jan/2022 07:20:02] "GET / HTTP/1.0" 400 66895
[17/Jan/2022 09:52:08] code 400, message Bad request syntax ('\x01I20100')
[17/Jan/2022 09:52:08] "I20100" 400 -
[17/Jan/2022 14:03:12] "GET /static/image/monkey_think-b4a0e875e626791e184e60641a40b7f7b297fa9592a5ec449bc50473d603af74.jpg HTTP/1.1" 200 5731
[17/Jan/2022 14:43:04] "GET /static/image/monkey_think-b4a0e875e626791e184e60641a40b7f7b297fa9592a5ec449bc50473d603af74.jpg HTTP/1.1" 200 5731
[17/Jan/2022 14:43:14] "GET / HTTP/1.1" 200 3836
[17/Jan/2022 14:43:15] "GET /static/style.css HTTP/1.1" 304 0
[17/Jan/2022 14:43:15] "GET /static/image/monkey_think-b4a0e875e626791e184e60641a40b7f7b297fa9592a5ec449bc50473d603af74.jpg HTTP/1.1" 304 0
[17/Jan/2022 17:07:30] "GET / HTTP/1.1" 200 3836
[17/Jan/2022 23:58:54] "GET / HTTP/1.1" 200 3836
Not Found: /favicon.ico
[17/Jan/2022 23:59:15] "GET /favicon.ico HTTP/1.1" 404 2990
[18/Jan/2022 04:08:00] "GET /static/image/monkey_think-b4a0e875e626791e184e60641a40b7f7b297fa9592a5ec449bc50473d603af74.jpg HTTP/1.1" 200 5731
[18/Jan/2022 04:48:08] code 400, message Bad HTTP/0.9 request type ('Z¥\x01')
[18/Jan/2022 04:48:08] "Z¥     " 400 -
[18/Jan/2022 05:19:17] code 400, message Bad request syntax ('\x04\x01\x00\x19h/3!\x00')
[18/Jan/2022 05:19:17] " h/3! " 400 -
[18/Jan/2022 05:19:17,146] - Broken pipe from ('89.248.165.52', 37770)

[18/Jan/2022 05:20:17] code 400, message Bad request syntax ('\x05\x01\x00')
[18/Jan/2022 05:20:17] " " 400 -
[18/Jan/2022 05:20:17,413] - Broken pipe from ('89.248.165.52', 48408)

Invalid HTTP_HOST header: 'hotmail-com.olc.protection.outlook.com:25'. You may need to add 'hotmail-com.olc.protection.outlook.com' to ALLOWED_HOSTS.
Bad Request: /hotmail-com.olc.protection.outlook.com:25
[18/Jan/2022 05:20:17] "CONNECT hotmail-com.olc.protection.outlook.com:25 HTTP/1.1" 400 67511
[18/Jan/2022 06:07:26] code 400, message Bad HTTP/0.9 request type ('\x04\x01\x00PUÎ')
[18/Jan/2022 06:07:26] " PUÎ s " 400 -
[18/Jan/2022 06:07:26,920] - Broken pipe from ('89.248.165.52', 48950)

[18/Jan/2022 06:08:27] code 400, message Bad request syntax ('\x05\x01\x00')
[18/Jan/2022 06:08:27] " " 400 -
[18/Jan/2022 06:08:27,196] - Broken pipe from ('89.248.165.52', 45830)

Invalid HTTP_HOST header: '85.206.160.115:80'. You may need to add '85.206.160.115' to ALLOWED_HOSTS.
Bad Request: /85.206.160.115:80
[18/Jan/2022 06:08:27] "CONNECT 85.206.160.115:80 HTTP/1.1" 400 66887
[18/Jan/2022 16:19:55] code 400, message Bad HTTP/0.9 request type ('\x03\x00\x00/*à\x00\x00\x00\x00\x00Cookie:')
[18/Jan/2022 16:19:55] "  /*à     Cookie: mstshash=Administr" 400 -
[19/Jan/2022 00:54:04] code 400, message Bad request version ('À\x13À')
[19/Jan/2022 00:54:04] You're accessing the development server over HTTPS, but it only supports HTTP.

[19/Jan/2022 00:54:24] "GET / HTTP/1.1" 200 3836
[19/Jan/2022 00:54:24,080] - Broken pipe from ('43.129.36.145', 22366)

[19/Jan/2022 00:54:28] "GET / HTTP/1.1" 200 3836
[19/Jan/2022 00:54:29] "GET / HTTP/1.1" 200 3836
Not Found: /favicon.ico
[19/Jan/2022 00:54:34] "GET /favicon.ico HTTP/1.1" 404 2990
[19/Jan/2022 05:10:19] "GET /static/image/monkey_think-b4a0e875e626791e184e60641a40b7f7b297fa9592a5ec449bc50473d603af74.jpg HTTP/1.1" 200 5731
[19/Jan/2022 09:55:09] code 400, message Bad request version ('À\x14À')
[19/Jan/2022 09:55:09] You're accessing the development server over HTTPS, but it only supports HTTP.

[19/Jan/2022 09:55:20] "GET / HTTP/1.1" 200 3836
Not Found: /favicon.ico
[19/Jan/2022 09:55:40] "GET /favicon.ico HTTP/1.1" 404 2990
Not Found: /robots.txt
[19/Jan/2022 09:55:40] "GET /robots.txt HTTP/1.1" 404 2987
Not Found: /sitemap.xml
[19/Jan/2022 09:55:41] "GET /sitemap.xml HTTP/1.1" 404 2990
[19/Jan/2022 09:56:00,411] - Broken pipe from ('23.224.186.214', 40106)

[19/Jan/2022 09:56:00,790] - Broken pipe from ('23.224.186.214', 40226)

[19/Jan/2022 09:56:01,178] - Broken pipe from ('23.224.186.214', 40356)

[19/Jan/2022 10:24:30] code 400, message Bad HTTP/0.9 request type ('\x03\x00\x00/*à\x00\x00\x00\x00\x00Cookie:')
[19/Jan/2022 10:24:30] "  /*à     Cookie: mstshash=Administr" 400 -
[19/Jan/2022 10:47:12] "GET / HTTP/1.1" 200 3836
[19/Jan/2022 13:21:48] "GET /static/image/monkey_think-b4a0e875e626791e184e60641a40b7f7b297fa9592a5ec449bc50473d603af74.jpg HTTP/1.1" 200 5731
[19/Jan/2022 15:24:33] code 400, message Bad HTTP/0.9 request type ('\x03\x00\x00/*à\x00\x00\x00\x00\x00Cookie:')
[19/Jan/2022 15:24:33] "  /*à     Cookie: mstshash=Administr" 400 -
[19/Jan/2022 17:27:11] "GET /static/style.css HTTP/1.1" 304 0
[19/Jan/2022 17:27:11] "GET /static/image/monkey_think-b4a0e875e626791e184e60641a40b7f7b297fa9592a5ec449bc50473d603af74.jpg HTTP/1.1" 304 0
Not Found: /favicon.ico
[19/Jan/2022 17:27:12] "GET /favicon.ico HTTP/1.1" 404 2990
[19/Jan/2022 18:05:07] "GET / HTTP/1.1" 200 3836
[19/Jan/2022 18:05:07] "GET /static/style.css HTTP/1.1" 304 0
[19/Jan/2022 18:05:07] "GET /static/image/monkey_think-b4a0e875e626791e184e60641a40b7f7b297fa9592a5ec449bc50473d603af74.jpg HTTP/1.1" 304 0
Not Found: /favicon.ico
[19/Jan/2022 18:05:08] "GET /favicon.ico HTTP/1.1" 404 2990
[19/Jan/2022 18:05:25] "GET /signup/create HTTP/1.1" 200 5461
Not Found: /signup/static/style.css
[19/Jan/2022 18:05:25] "GET /signup/static/style.css HTTP/1.1" 404 3026
Not Found: /signup/static/style.css
[19/Jan/2022 18:05:25] "GET /signup/static/style.css HTTP/1.1" 404 3026
[19/Jan/2022 18:05:45] "GET / HTTP/1.1" 200 3836
[19/Jan/2022 18:05:45] "GET /static/style.css HTTP/1.1" 200 2555
[19/Jan/2022 18:05:45] "GET /static/image/monkey_think-b4a0e875e626791e184e60641a40b7f7b297fa9592a5ec449bc50473d603af74.jpg HTTP/1.1" 200 5731
Not Found: /favicon.ico
[19/Jan/2022 18:05:46] "GET /favicon.ico HTTP/1.1" 404 2990
[19/Jan/2022 18:09:11] "GET / HTTP/1.1" 200 3836
[19/Jan/2022 18:09:12] "GET /static/style.css HTTP/1.1" 200 2555
[19/Jan/2022 18:09:12] "GET /static/image/monkey_think-b4a0e875e626791e184e60641a40b7f7b297fa9592a5ec449bc50473d603af74.jpg HTTP/1.1" 200 5731
Not Found: /favicon.ico
[19/Jan/2022 18:09:12] "GET /favicon.ico HTTP/1.1" 404 2990
[19/Jan/2022 18:09:39] "GET /signup/create HTTP/1.1" 200 5461
Not Found: /signup/static/style.css
[19/Jan/2022 18:09:39] "GET /signup/static/style.css HTTP/1.1" 404 3026
Not Found: /signup/static/style.css
[19/Jan/2022 18:09:39] "GET /signup/static/style.css HTTP/1.1" 404 3026
Internal Server Error: /signup/create
Traceback (most recent call last):
  File "/usr/local/lib64/python3.6/site-packages/django/db/models/fields/__init__.py", line 1823, in get_prep_value
    return int(value)
ValueError: invalid literal for int() with base 10: ''

The above exception was the direct cause of the following exception:

Traceback (most recent call last):
  File "/usr/local/lib64/python3.6/site-packages/django/core/handlers/exception.py", line 47, in inner
    response = get_response(request)
  File "/usr/local/lib64/python3.6/site-packages/django/core/handlers/base.py", line 181, in _get_response
    response = wrapped_callback(request, *callback_args, **callback_kwargs)
  File "/var/www/vhosts/codenomad.in/httpdocs/voting-portal/vote/Views/Signupview.py", line 25, in create
    signup.save()
  File "/usr/local/lib64/python3.6/site-packages/django/db/models/base.py", line 727, in save
    force_update=force_update, update_fields=update_fields)
  File "/usr/local/lib64/python3.6/site-packages/django/db/models/base.py", line 765, in save_base
    force_update, using, update_fields,
  File "/usr/local/lib64/python3.6/site-packages/django/db/models/base.py", line 868, in _save_table
    results = self._do_insert(cls._base_manager, using, fields, returning_fields, raw)
  File "/usr/local/lib64/python3.6/site-packages/django/db/models/base.py", line 908, in _do_insert
    using=using, raw=raw,
  File "/usr/local/lib64/python3.6/site-packages/django/db/models/manager.py", line 85, in manager_method
    return getattr(self.get_queryset(), name)(*args, **kwargs)
  File "/usr/local/lib64/python3.6/site-packages/django/db/models/query.py", line 1270, in _insert
    return query.get_compiler(using=using).execute_sql(returning_fields)
  File "/usr/local/lib64/python3.6/site-packages/django/db/models/sql/compiler.py", line 1415, in execute_sql
    for sql, params in self.as_sql():
  File "/usr/local/lib64/python3.6/site-packages/django/db/models/sql/compiler.py", line 1360, in as_sql
    for obj in self.query.objs
  File "/usr/local/lib64/python3.6/site-packages/django/db/models/sql/compiler.py", line 1360, in <listcomp>
    for obj in self.query.objs
  File "/usr/local/lib64/python3.6/site-packages/django/db/models/sql/compiler.py", line 1359, in <listcomp>
    [self.prepare_value(field, self.pre_save_val(field, obj)) for field in fields]
  File "/usr/local/lib64/python3.6/site-packages/django/db/models/sql/compiler.py", line 1300, in prepare_value
    value = field.get_db_prep_save(value, connection=self.connection)
  File "/usr/local/lib64/python3.6/site-packages/django/db/models/fields/__init__.py", line 842, in get_db_prep_save
    return self.get_db_prep_value(value, connection=connection, prepared=False)
  File "/usr/local/lib64/python3.6/site-packages/django/db/models/fields/__init__.py", line 837, in get_db_prep_value
    value = self.get_prep_value(value)
  File "/usr/local/lib64/python3.6/site-packages/django/db/models/fields/__init__.py", line 1827, in get_prep_value
    ) from e
ValueError: Field 'voterid' expected a number but got ''.
[19/Jan/2022 18:09:44] "POST /signup/create HTTP/1.1" 500 139190
[19/Jan/2022 18:09:47] "GET /signup/create HTTP/1.1" 200 5461
Not Found: /signup/static/style.css
[19/Jan/2022 18:09:47] "GET /signup/static/style.css HTTP/1.1" 404 3026
Not Found: /bills
[19/Jan/2022 18:09:53] "GET /bills HTTP/1.1" 404 2972
[19/Jan/2022 19:07:07] code 400, message Bad HTTP/0.9 request type ('\x03\x00\x00/*à\x00\x00\x00\x00\x00Cookie:')
[19/Jan/2022 19:07:07] "  /*à     Cookie: mstshash=Administr" 400 -
Not Found: /favicon.ico
[20/Jan/2022 02:22:31] "GET /favicon.ico HTTP/1.1" 404 2990
[20/Jan/2022 04:05:29] "GET / HTTP/1.1" 200 3836
[20/Jan/2022 08:34:54] code 400, message Bad HTTP/0.9 request type ('\x03\x00\x00/*à\x00\x00\x00\x00\x00Cookie:')
[20/Jan/2022 08:34:54] "  /*à     Cookie: mstshash=Administr" 400 -
Invalid HTTP_HOST header: 'ip-184-168-122-169.ip.secureserver.net:8001'. You may need to add 'ip-184-168-122-169.ip.secureserver.net' to ALLOWED_HOSTS.
Bad Request: /
[20/Jan/2022 13:10:08] "HEAD / HTTP/1.0" 400 66902
Not Found: /system_api.php
[20/Jan/2022 13:10:08] "GET /system_api.php HTTP/1.1" 404 2999
Not Found: /c/version.js
[20/Jan/2022 13:10:08] "GET /c/version.js HTTP/1.1" 404 2993
Not Found: /streaming/clients_live.php
[20/Jan/2022 13:10:09] "GET /streaming/clients_live.php HTTP/1.1" 404 3035
Not Found: /stalker_portal/c/version.js
[20/Jan/2022 13:10:09] "GET /stalker_portal/c/version.js HTTP/1.1" 404 3038
Not Found: /stream/live.php
[20/Jan/2022 13:10:09] "GET /stream/live.php HTTP/1.1" 404 3002
Not Found: /flu/403.html
[20/Jan/2022 13:10:09] "GET /flu/403.html HTTP/1.1" 404 2993
[20/Jan/2022 13:10:09] "GET / HTTP/1.1" 200 3836
[20/Jan/2022 13:37:21] "GET / HTTP/1.1" 200 3836
[20/Jan/2022 13:37:21] "GET /static/image/monkey_think-b4a0e875e626791e184e60641a40b7f7b297fa9592a5ec449bc50473d603af74.jpg HTTP/1.1" 304 0
[20/Jan/2022 13:37:21] "GET /static/style.css HTTP/1.1" 304 0
[20/Jan/2022 13:57:07] "GET /static/image/monkey_think-b4a0e875e626791e184e60641a40b7f7b297fa9592a5ec449bc50473d603af74.jpg HTTP/1.1" 200 5731
[20/Jan/2022 16:05:17,039] - Broken pipe from ('45.227.254.49', 40097)

[20/Jan/2022 16:05:17] code 400, message Bad HTTP/0.9 request type ("\x03\x00\x00,'à\x00\x00\x00\x00\x00Cookie:")
[20/Jan/2022 16:05:17] "  ,'à     Cookie: mstshash=Domain" 400 -
[20/Jan/2022 16:05:17] code 400, message Bad HTTP/0.9 request type ("\x03\x00\x00,'à\x00\x00\x00\x00\x00Cookie:")
[20/Jan/2022 16:05:17] "  ,'à     Cookie: mstshash=Domain" 400 -
[20/Jan/2022 16:47:15] code 400, message Bad HTTP/0.9 request type ('\x03\x00\x00/*à\x00\x00\x00\x00\x00Cookie:')
[20/Jan/2022 16:47:15] "  /*à     Cookie: mstshash=Administr" 400 -
[20/Jan/2022 18:59:38] code 400, message Bad request syntax ('\x16\x03\x01\x00î\x01\x00\x00ê\x03\x03×³úF¦Rõ%ÃãL}m¿\x1d¥CÚ/ó#$-3p4á¥ÂV\x0b\x04 LÎÃú÷ôW]\x06t±kºr%\x86®\x8d§Â<\x00ô&\x94=ô5ª"¯S\x00&Ì¨Ì©À/À0À+À,À\x13À\tÀ\x14À')
[20/Jan/2022 18:59:38] You're accessing the development server over HTTPS, but it only supports HTTP.

[21/Jan/2022 00:26:48] "GET / HTTP/1.1" 200 3836
Not Found: /favicon.ico
[21/Jan/2022 00:26:56] "GET /favicon.ico HTTP/1.1" 404 2990
[21/Jan/2022 03:40:43] "GET / HTTP/1.1" 200 3836
[21/Jan/2022 06:39:31] code 400, message Bad HTTP/0.9 request type ('\x03\x00\x00/*à\x00\x00\x00\x00\x00Cookie:')
[21/Jan/2022 06:39:31] "  /*à     Cookie: mstshash=Administr" 400 -
[21/Jan/2022 12:31:50] "GET /static/image/monkey_think-b4a0e875e626791e184e60641a40b7f7b297fa9592a5ec449bc50473d603af74.jpg HTTP/1.1" 200 5731
/var/www/vhosts/codenomad.in/httpdocs/voting-portal/Voting_portal/urls.py changed, reloading.
Performing system checks...

January 14, 2022 - 11:52:13
Django version 3.2.8, using settings 'Voting_portal.settings'
Starting development server at http://184.168.122.169:8001/
Quit the server with CONTROL-C.
None
None
None
Watching for file changes with StatReloader
Exception in thread django-main-thread:
Traceback (most recent call last):
  File "/usr/local/lib64/python3.6/site-packages/django/db/backends/mysql/base.py", line 15, in <module>
    import MySQLdb as Database
ModuleNotFoundError: No module named 'MySQLdb'

The above exception was the direct cause of the following exception:

Traceback (most recent call last):
  File "/usr/lib64/python3.6/threading.py", line 916, in _bootstrap_inner
    self.run()
  File "/usr/lib64/python3.6/threading.py", line 864, in run
    self._target(*self._args, **self._kwargs)
  File "/usr/local/lib64/python3.6/site-packages/django/utils/autoreload.py", line 64, in wrapper
    fn(*args, **kwargs)
  File "/usr/local/lib64/python3.6/site-packages/django/core/management/commands/runserver.py", line 110, in inner_run
    autoreload.raise_last_exception()
  File "/usr/local/lib64/python3.6/site-packages/django/utils/autoreload.py", line 87, in raise_last_exception
    raise _exception[1]
  File "/usr/local/lib64/python3.6/site-packages/django/core/management/__init__.py", line 375, in execute
    autoreload.check_errors(django.setup)()
  File "/usr/local/lib64/python3.6/site-packages/django/utils/autoreload.py", line 64, in wrapper
    fn(*args, **kwargs)
  File "/usr/local/lib64/python3.6/site-packages/django/__init__.py", line 24, in setup
    apps.populate(settings.INSTALLED_APPS)
  File "/usr/local/lib64/python3.6/site-packages/django/apps/registry.py", line 114, in populate
    app_config.import_models()
  File "/usr/local/lib64/python3.6/site-packages/django/apps/config.py", line 301, in import_models
    self.models_module = import_module(models_module_name)
  File "/usr/lib64/python3.6/importlib/__init__.py", line 126, in import_module
    return _bootstrap._gcd_import(name[level:], package, level)
  File "<frozen importlib._bootstrap>", line 994, in _gcd_import
  File "<frozen importlib._bootstrap>", line 971, in _find_and_load
  File "<frozen importlib._bootstrap>", line 955, in _find_and_load_unlocked
  File "<frozen importlib._bootstrap>", line 665, in _load_unlocked
  File "<frozen importlib._bootstrap_external>", line 678, in exec_module
  File "<frozen importlib._bootstrap>", line 219, in _call_with_frames_removed
  File "/usr/local/lib64/python3.6/site-packages/django/contrib/auth/models.py", line 3, in <module>
    from django.contrib.auth.base_user import AbstractBaseUser, BaseUserManager
  File "/usr/local/lib64/python3.6/site-packages/django/contrib/auth/base_user.py", line 48, in <module>
    class AbstractBaseUser(models.Model):
  File "/usr/local/lib64/python3.6/site-packages/django/db/models/base.py", line 122, in __new__
    new_class.add_to_class('_meta', Options(meta, app_label))
  File "/usr/local/lib64/python3.6/site-packages/django/db/models/base.py", line 326, in add_to_class
    value.contribute_to_class(cls, name)
  File "/usr/local/lib64/python3.6/site-packages/django/db/models/options.py", line 207, in contribute_to_class
    self.db_table = truncate_name(self.db_table, connection.ops.max_name_length())
  File "/usr/local/lib64/python3.6/site-packages/django/utils/connection.py", line 15, in __getattr__
    return getattr(self._connections[self._alias], item)
  File "/usr/local/lib64/python3.6/site-packages/django/utils/connection.py", line 62, in __getitem__
    conn = self.create_connection(alias)
  File "/usr/local/lib64/python3.6/site-packages/django/db/utils.py", line 204, in create_connection
    backend = load_backend(db['ENGINE'])
  File "/usr/local/lib64/python3.6/site-packages/django/db/utils.py", line 111, in load_backend
    return import_module('%s.base' % backend_name)
  File "/usr/lib64/python3.6/importlib/__init__.py", line 126, in import_module
    return _bootstrap._gcd_import(name[level:], package, level)
  File "/usr/local/lib64/python3.6/site-packages/django/db/backends/mysql/base.py", line 20, in <module>
    ) from err
django.core.exceptions.ImproperlyConfigured: Error loading MySQLdb module.
Did you install mysqlclient?

/var/www/vhosts/codenomad.in/httpdocs/voting-portal/Voting_portal/settings.py changed, reloading.
Watching for file changes with StatReloader
Exception in thread django-main-thread:
Traceback (most recent call last):
  File "/usr/lib64/python3.6/threading.py", line 916, in _bootstrap_inner
    self.run()
  File "/usr/lib64/python3.6/threading.py", line 864, in run
    self._target(*self._args, **self._kwargs)
  File "/usr/local/lib64/python3.6/site-packages/django/utils/autoreload.py", line 64, in wrapper
    fn(*args, **kwargs)
  File "/usr/local/lib64/python3.6/site-packages/django/core/management/commands/runserver.py", line 110, in inner_run
    autoreload.raise_last_exception()
  File "/usr/local/lib64/python3.6/site-packages/django/utils/autoreload.py", line 87, in raise_last_exception
    raise _exception[1]
  File "/usr/local/lib64/python3.6/site-packages/django/core/management/__init__.py", line 375, in execute
    autoreload.check_errors(django.setup)()
  File "/usr/local/lib64/python3.6/site-packages/django/utils/autoreload.py", line 64, in wrapper
    fn(*args, **kwargs)
  File "/usr/local/lib64/python3.6/site-packages/django/__init__.py", line 24, in setup
    apps.populate(settings.INSTALLED_APPS)
  File "/usr/local/lib64/python3.6/site-packages/django/apps/registry.py", line 114, in populate
    app_config.import_models()
  File "/usr/local/lib64/python3.6/site-packages/django/apps/config.py", line 301, in import_models
    self.models_module = import_module(models_module_name)
  File "/usr/lib64/python3.6/importlib/__init__.py", line 126, in import_module
    return _bootstrap._gcd_import(name[level:], package, level)
  File "<frozen importlib._bootstrap>", line 994, in _gcd_import
  File "<frozen importlib._bootstrap>", line 971, in _find_and_load
  File "<frozen importlib._bootstrap>", line 955, in _find_and_load_unlocked
  File "<frozen importlib._bootstrap>", line 665, in _load_unlocked
  File "<frozen importlib._bootstrap_external>", line 678, in exec_module
  File "<frozen importlib._bootstrap>", line 219, in _call_with_frames_removed
  File "/var/www/vhosts/codenomad.in/httpdocs/voting-portal/vote/models.py", line 1, in <module>
    from turtle import update
ModuleNotFoundError: No module named 'turtle'

/var/www/vhosts/codenomad.in/httpdocs/voting-portal/vote/models.py changed, reloading.
Watching for file changes with StatReloader
System check identified some issues:

WARNINGS:
vote.user.voterid: (fields.W122) 'max_length' is ignored when used with IntegerField.
	HINT: Remove 'max_length' from field

System check identified 1 issue (0 silenced).
